[debug] [2023-09-16T20:58:55.560Z] ----------------------------------------------------------------------
[debug] [2023-09-16T20:58:55.563Z] Command:       C:\Program Files\nodejs\node.exe C:\Program Files\nodejs\node_modules\firebase-tools\lib\bin\firebase.js init
[debug] [2023-09-16T20:58:55.564Z] CLI Version:   12.5.3
[debug] [2023-09-16T20:58:55.564Z] Platform:      win32
[debug] [2023-09-16T20:58:55.564Z] Node Version:  v16.13.2
[debug] [2023-09-16T20:58:55.566Z] Time:          Sat Sep 16 2023 15:58:55 GMT-0500 (hora estándar de Colombia)
[debug] [2023-09-16T20:58:55.566Z] ----------------------------------------------------------------------
[debug] 
[debug] [2023-09-16T20:58:55.715Z] > command requires scopes: ["email","openid","https://www.googleapis.com/auth/cloudplatformprojects.readonly","https://www.googleapis.com/auth/firebase","https://www.googleapis.com/auth/cloud-platform"]
[debug] [2023-09-16T20:58:55.716Z] > authorizing via signed-in user (agvanegas@gmail.com)
[info] 
     ######## #### ########  ######## ########     ###     ######  ########
     ##        ##  ##     ## ##       ##     ##  ##   ##  ##       ##
     ######    ##  ########  ######   ########  #########  ######  ######
     ##        ##  ##    ##  ##       ##     ## ##     ##       ## ##
     ##       #### ##     ## ######## ########  ##     ##  ######  ########

You're about to initialize a Firebase project in this directory:

  D:\java_proj\Hemolat\app

Before we get started, keep in mind:

  * You are initializing within an existing Firebase project directory

